
The following files have been resolved:
   org.eclipse.jetty:jetty-http:jar:9.4.31.v20200723:compile
   com.github.jknack:handlebars-guava-cache:jar:4.0.6:compile
   org.eclipse.jetty:jetty-security:jar:9.4.31.v20200723:compile
   org.eclipse.jetty:jetty-io:jar:9.4.31.v20200723:compile
   org.springframework:spring-core:jar:2.5.2:compile
   org.springframework:spring-context:jar:2.5.2:compile
   aopalliance:aopalliance:jar:1.0:compile
   org.eclipse.jetty:jetty-webapp:jar:9.4.31.v20200723:compile
   commons-collections:commons-collections:jar:3.2.1:compile
   commons-lang:commons-lang:jar:2.4:compile
   org.eclipse.jetty:jetty-server:jar:9.4.31.v20200723:compile
   org.springframework:spring-web:jar:2.5.2:compile
   com.sparkjava:spark-template-handlebars:jar:2.7.1:compile
   com.sparkjava:spark-template-velocity:jar:2.7.1:compile
   org.eclipse.jetty.websocket:websocket-client:jar:9.4.31.v20200723:compile
   org.eclipse.jetty.websocket:websocket-common:jar:9.4.31.v20200723:compile
   antlr:antlr:jar:2.7.7:compile
   org.eclipse.jetty:jetty-servlet:jar:9.4.31.v20200723:compile
   org.eclipse.jetty.websocket:websocket-servlet:jar:9.4.31.v20200723:compile
   org.antlr:stringtemplate:jar:3.2.1:compile
   com.h2database:h2:jar:1.4.199:compile
   com.google.guava:guava:jar:14.0.1:compile
   org.eclipse.jetty:jetty-xml:jar:9.4.31.v20200723:compile
   org.springframework:spring-beans:jar:2.5.2:compile
   org.eclipse.jetty.websocket:websocket-api:jar:9.4.31.v20200723:compile
   com.github.jknack:handlebars:jar:4.0.6:compile
   org.eclipse.jetty:jetty-client:jar:9.4.31.v20200723:compile
   junit:junit:jar:4.13.2:compile
   commons-logging:commons-logging:jar:1.1.1:compile
   javax.servlet:javax.servlet-api:jar:3.1.0:compile
   org.hamcrest:hamcrest-core:jar:1.3:compile
   org.eclipse.jetty.websocket:websocket-server:jar:9.4.31.v20200723:compile
   com.sparkjava:spark-core:jar:2.9.3:compile
   org.slf4j:slf4j-api:jar:1.7.25:compile
   org.jdbi:jdbi3-core:jar:3.1.0:compile
   org.mozilla:rhino:jar:1.7R4:compile
   org.springframework:spring-webmvc:jar:2.5.2:compile
   net.jodah:expiringmap:jar:0.5.6:compile
   org.springframework:spring-context-support:jar:2.5.2:compile
   org.antlr:antlr4-runtime:jar:4.5.1-1:compile
   org.eclipse.jetty:jetty-util:jar:9.4.31.v20200723:compile
   org.apache.velocity:velocity:jar:1.7:compile
   org.apache.commons:commons-lang3:jar:3.1:compile
   org.antlr:antlr-runtime:jar:3.4:compile

